46.0 APEX_CODE,FINEST;APEX_PROFILING,INFO;CALLOUT,INFO;DB,INFO;NBA,INFO;SYSTEM,DEBUG;VALIDATION,INFO;VISUALFORCE,FINER;WAVE,INFO;WORKFLOW,INFO
11:52:52.0 (371853)|USER_INFO|[EXTERNAL]|0052v00000ZIzve|amit.dhawan-architect-ttt-training@cgi.com|(GMT-07:00) Pacific Daylight Time (America/Los_Angeles)|GMT-07:00
11:52:52.0 (412314)|EXECUTION_STARTED
11:52:52.0 (418145)|CODE_UNIT_STARTED|[EXTERNAL]|0662v000008Oh0L|VF: /apex/train_day01_L1_b1
11:52:52.0 (452575)|CODE_UNIT_STARTED|[EXTERNAL]|VF Controller Save
11:52:52.0 (497285)|CODE_UNIT_FINISHED|VF Controller Save
11:52:52.0 (10722708)|VF_APEX_CALL_START|[EXTERNAL]|01p2v00000EZ3nM|accRecCustomController <init>|accRecCustomController
11:52:52.0 (10770099)|SYSTEM_MODE_ENTER|true
11:52:52.0 (11194718)|HEAP_ALLOCATE|[72]|Bytes:3
11:52:52.0 (11244378)|HEAP_ALLOCATE|[77]|Bytes:152
11:52:52.0 (11260965)|HEAP_ALLOCATE|[342]|Bytes:408
11:52:52.0 (11275241)|HEAP_ALLOCATE|[355]|Bytes:408
11:52:52.0 (11288788)|HEAP_ALLOCATE|[467]|Bytes:48
11:52:52.0 (11315635)|HEAP_ALLOCATE|[139]|Bytes:6
11:52:52.0 (11334991)|HEAP_ALLOCATE|[EXTERNAL]|Bytes:1
11:52:52.0 (11342143)|HEAP_ALLOCATE|[EXTERNAL]|Bytes:1
11:52:52.0 (11357217)|METHOD_ENTRY|[1]|01p2v00000EZ3nM|accRecCustomController.accRecCustomController()
11:52:52.0 (11367821)|STATEMENT_EXECUTE|[1]
11:52:52.0 (11378262)|STATEMENT_EXECUTE|[1]
11:52:52.0 (11426256)|HEAP_ALLOCATE|[50]|Bytes:5
11:52:52.0 (11450695)|HEAP_ALLOCATE|[56]|Bytes:5
11:52:52.0 (11459057)|HEAP_ALLOCATE|[64]|Bytes:7
11:52:52.0 (11479452)|SYSTEM_MODE_ENTER|false
11:52:52.0 (11496632)|HEAP_ALLOCATE|[EXTERNAL]|Bytes:5
11:52:52.0 (11510200)|SYSTEM_MODE_EXIT|false
11:52:52.0 (11522269)|METHOD_EXIT|[1]|accRecCustomController
11:52:52.0 (11539399)|HEAP_ALLOCATE|[EXTERNAL]|Bytes:4
11:52:52.0 (11565262)|VARIABLE_SCOPE_BEGIN|[3]|this|accRecCustomController|true|false
11:52:52.0 (11635247)|VARIABLE_ASSIGNMENT|[3]|this|{}|0x22116da3
11:52:52.0 (11652483)|VARIABLE_SCOPE_BEGIN|[3]|controller|ApexPages.StandardController|true|false
11:52:52.0 (11985275)|VARIABLE_ASSIGNMENT|[3]|controller|"StandardController [null]"|0x2bb2d47a
11:52:52.0 (12008178)|SYSTEM_MODE_ENTER|false
11:52:52.0 (12017106)|HEAP_ALLOCATE|[4]|Bytes:5
11:52:52.0 (12023810)|STATEMENT_EXECUTE|[1]
11:52:52.0 (12027505)|HEAP_ALLOCATE|[4]|Bytes:5
11:52:52.0 (12040423)|HEAP_ALLOCATE|[4]|Bytes:6
11:52:52.0 (19381019)|STATEMENT_EXECUTE|[3]
11:52:52.0 (19385712)|STATEMENT_EXECUTE|[4]
11:52:52.0 (19396332)|HEAP_ALLOCATE|[4]|Bytes:28
11:52:52.0 (41664554)|HEAP_ALLOCATE|[4]|Bytes:16
11:52:52.0 (41789563)|HEAP_ALLOCATE|[4]|Bytes:86
11:52:52.0 (41819452)|HEAP_ALLOCATE|[4]|Bytes:114
11:52:52.0 (41856512)|USER_DEBUG|[4]|DEBUG|---controller.getrecord()---Account:{CustomerPriority__c=Low, Id=0012v00002QPyweAAD, Name=ACC-C-SOAPUI-Signa-2019}
11:52:52.0 (41876624)|SYSTEM_MODE_EXIT|false
11:52:52.0 (41914012)|VF_APEX_CALL_END|accRecCustomController <init>|accRecCustomController
11:52:52.0 (202770388)|VF_SERIALIZE_VIEWSTATE_BEGIN|0662v000008Oh0L
11:52:52.0 (205040141)|VF_SERIALIZE_VIEWSTATE_END
11:52:52.208 (208665662)|CUMULATIVE_LIMIT_USAGE
11:52:52.208 (208665662)|LIMIT_USAGE_FOR_NS|(default)|
  Number of SOQL queries: 0 out of 100
  Number of query rows: 0 out of 50000
  Number of SOSL queries: 0 out of 20
  Number of DML statements: 0 out of 150
  Number of DML rows: 0 out of 10000
  Maximum CPU time: 0 out of 10000
  Maximum heap size: 0 out of 6000000
  Number of callouts: 0 out of 100
  Number of Email Invocations: 0 out of 10
  Number of future calls: 0 out of 50
  Number of queueable jobs added to the queue: 0 out of 50
  Number of Mobile Apex push calls: 0 out of 10

11:52:52.208 (208665662)|CUMULATIVE_LIMIT_USAGE_END

11:52:52.0 (208720176)|CODE_UNIT_FINISHED|VF: /apex/train_day01_L1_b1
11:52:52.0 (209805691)|EXECUTION_FINISHED
